

Started GET "/" for 10.0.2.2 at 2016-01-31 19:51:07 +0000
Processing by Rails::WelcomeController#index as HTML
  Rendered /usr/local/rvm/gems/ruby-2.1.3/gems/railties-4.0.0/lib/rails/templates/rails/welcome/index.html.erb (8.1ms)
Completed 200 OK in 56ms (Views: 33.0ms | ActiveRecord: 0.0ms)


Started GET "/" for 10.0.2.2 at 2016-01-31 19:51:08 +0000
Processing by Rails::WelcomeController#index as HTML
  Rendered /usr/local/rvm/gems/ruby-2.1.3/gems/railties-4.0.0/lib/rails/templates/rails/welcome/index.html.erb (0.0ms)
Completed 200 OK in 2ms (Views: 1.7ms | ActiveRecord: 0.0ms)


Started GET "/posts" for 10.0.2.2 at 2016-01-31 19:52:51 +0000

ActionController::RoutingError (No route matches [GET] "/posts"):
  actionpack (4.0.0) lib/action_dispatch/middleware/debug_exceptions.rb:21:in `call'
  actionpack (4.0.0) lib/action_dispatch/middleware/show_exceptions.rb:30:in `call'
  railties (4.0.0) lib/rails/rack/logger.rb:38:in `call_app'
  railties (4.0.0) lib/rails/rack/logger.rb:21:in `block in call'
  activesupport (4.0.0) lib/active_support/tagged_logging.rb:67:in `block in tagged'
  activesupport (4.0.0) lib/active_support/tagged_logging.rb:25:in `tagged'
  activesupport (4.0.0) lib/active_support/tagged_logging.rb:67:in `tagged'
  railties (4.0.0) lib/rails/rack/logger.rb:21:in `call'
  actionpack (4.0.0) lib/action_dispatch/middleware/request_id.rb:21:in `call'
  rack (1.5.5) lib/rack/methodoverride.rb:21:in `call'
  rack (1.5.5) lib/rack/runtime.rb:17:in `call'
  activesupport (4.0.0) lib/active_support/cache/strategy/local_cache.rb:83:in `call'
  rack (1.5.5) lib/rack/lock.rb:17:in `call'
  actionpack (4.0.0) lib/action_dispatch/middleware/static.rb:64:in `call'
  railties (4.0.0) lib/rails/engine.rb:511:in `call'
  railties (4.0.0) lib/rails/application.rb:97:in `call'
  rack (1.5.5) lib/rack/lock.rb:17:in `call'
  rack (1.5.5) lib/rack/content_length.rb:14:in `call'
  rack (1.5.5) lib/rack/handler/webrick.rb:60:in `service'
  /usr/local/rvm/rubies/ruby-2.1.3/lib/ruby/2.1.0/webrick/httpserver.rb:138:in `service'
  /usr/local/rvm/rubies/ruby-2.1.3/lib/ruby/2.1.0/webrick/httpserver.rb:94:in `run'
  /usr/local/rvm/rubies/ruby-2.1.3/lib/ruby/2.1.0/webrick/server.rb:295:in `block in start_thread'


  Rendered /usr/local/rvm/gems/ruby-2.1.3/gems/actionpack-4.0.0/lib/action_dispatch/middleware/templates/rescues/_trace.erb (1.1ms)
  Rendered /usr/local/rvm/gems/ruby-2.1.3/gems/actionpack-4.0.0/lib/action_dispatch/middleware/templates/routes/_table.html.erb (15.7ms)
  Rendered /usr/local/rvm/gems/ruby-2.1.3/gems/actionpack-4.0.0/lib/action_dispatch/middleware/templates/rescues/routing_error.erb within rescues/layout (34.2ms)


Started GET "/posts" for 10.0.2.2 at 2016-01-31 19:56:37 +0000

ActionController::RoutingError (uninitialized constant PostsController):
  activesupport (4.0.0) lib/active_support/inflector/methods.rb:226:in `const_get'
  activesupport (4.0.0) lib/active_support/inflector/methods.rb:226:in `block in constantize'
  activesupport (4.0.0) lib/active_support/inflector/methods.rb:224:in `each'
  activesupport (4.0.0) lib/active_support/inflector/methods.rb:224:in `inject'
  activesupport (4.0.0) lib/active_support/inflector/methods.rb:224:in `constantize'
  actionpack (4.0.0) lib/action_dispatch/routing/route_set.rb:76:in `controller_reference'
  actionpack (4.0.0) lib/action_dispatch/routing/route_set.rb:66:in `controller'
  actionpack (4.0.0) lib/action_dispatch/routing/route_set.rb:44:in `call'
  actionpack (4.0.0) lib/action_dispatch/journey/router.rb:71:in `block in call'
  actionpack (4.0.0) lib/action_dispatch/journey/router.rb:59:in `each'
  actionpack (4.0.0) lib/action_dispatch/journey/router.rb:59:in `call'
  actionpack (4.0.0) lib/action_dispatch/routing/route_set.rb:655:in `call'
  rack (1.5.5) lib/rack/etag.rb:23:in `call'
  rack (1.5.5) lib/rack/conditionalget.rb:25:in `call'
  rack (1.5.5) lib/rack/head.rb:11:in `call'
  actionpack (4.0.0) lib/action_dispatch/middleware/params_parser.rb:27:in `call'
  actionpack (4.0.0) lib/action_dispatch/middleware/flash.rb:241:in `call'
  rack (1.5.5) lib/rack/session/abstract/id.rb:225:in `context'
  rack (1.5.5) lib/rack/session/abstract/id.rb:220:in `call'
  actionpack (4.0.0) lib/action_dispatch/middleware/cookies.rb:486:in `call'
  activerecord (4.0.0) lib/active_record/query_cache.rb:36:in `call'
  activerecord (4.0.0) lib/active_record/connection_adapters/abstract/connection_pool.rb:626:in `call'
  activerecord (4.0.0) lib/active_record/migration.rb:369:in `call'
  actionpack (4.0.0) lib/action_dispatch/middleware/callbacks.rb:29:in `block in call'
  activesupport (4.0.0) lib/active_support/callbacks.rb:373:in `_run__16020111__call__callbacks'
  activesupport (4.0.0) lib/active_support/callbacks.rb:80:in `run_callbacks'
  actionpack (4.0.0) lib/action_dispatch/middleware/callbacks.rb:27:in `call'
  actionpack (4.0.0) lib/action_dispatch/middleware/reloader.rb:64:in `call'
  actionpack (4.0.0) lib/action_dispatch/middleware/remote_ip.rb:76:in `call'
  actionpack (4.0.0) lib/action_dispatch/middleware/debug_exceptions.rb:17:in `call'
  actionpack (4.0.0) lib/action_dispatch/middleware/show_exceptions.rb:30:in `call'
  railties (4.0.0) lib/rails/rack/logger.rb:38:in `call_app'
  railties (4.0.0) lib/rails/rack/logger.rb:21:in `block in call'
  activesupport (4.0.0) lib/active_support/tagged_logging.rb:67:in `block in tagged'
  activesupport (4.0.0) lib/active_support/tagged_logging.rb:25:in `tagged'
  activesupport (4.0.0) lib/active_support/tagged_logging.rb:67:in `tagged'
  railties (4.0.0) lib/rails/rack/logger.rb:21:in `call'
  actionpack (4.0.0) lib/action_dispatch/middleware/request_id.rb:21:in `call'
  rack (1.5.5) lib/rack/methodoverride.rb:21:in `call'
  rack (1.5.5) lib/rack/runtime.rb:17:in `call'
  activesupport (4.0.0) lib/active_support/cache/strategy/local_cache.rb:83:in `call'
  rack (1.5.5) lib/rack/lock.rb:17:in `call'
  actionpack (4.0.0) lib/action_dispatch/middleware/static.rb:64:in `call'
  railties (4.0.0) lib/rails/engine.rb:511:in `call'
  railties (4.0.0) lib/rails/application.rb:97:in `call'
  rack (1.5.5) lib/rack/lock.rb:17:in `call'
  rack (1.5.5) lib/rack/content_length.rb:14:in `call'
  rack (1.5.5) lib/rack/handler/webrick.rb:60:in `service'
  /usr/local/rvm/rubies/ruby-2.1.3/lib/ruby/2.1.0/webrick/httpserver.rb:138:in `service'
  /usr/local/rvm/rubies/ruby-2.1.3/lib/ruby/2.1.0/webrick/httpserver.rb:94:in `run'
  /usr/local/rvm/rubies/ruby-2.1.3/lib/ruby/2.1.0/webrick/server.rb:295:in `block in start_thread'


  Rendered /usr/local/rvm/gems/ruby-2.1.3/gems/actionpack-4.0.0/lib/action_dispatch/middleware/templates/rescues/_trace.erb (1.5ms)
  Rendered /usr/local/rvm/gems/ruby-2.1.3/gems/actionpack-4.0.0/lib/action_dispatch/middleware/templates/routes/_route.html.erb (0.7ms)
  Rendered /usr/local/rvm/gems/ruby-2.1.3/gems/actionpack-4.0.0/lib/action_dispatch/middleware/templates/routes/_table.html.erb (1.0ms)
  Rendered /usr/local/rvm/gems/ruby-2.1.3/gems/actionpack-4.0.0/lib/action_dispatch/middleware/templates/rescues/routing_error.erb within rescues/layout (16.5ms)


Started GET "/posts" for 10.0.2.2 at 2016-01-31 20:13:57 +0000

AbstractController::ActionNotFound (The action 'index' could not be found for PostsController):
  actionpack (4.0.0) lib/abstract_controller/base.rb:131:in `process'
  actionpack (4.0.0) lib/abstract_controller/rendering.rb:44:in `process'
  actionpack (4.0.0) lib/action_controller/metal.rb:195:in `dispatch'
  actionpack (4.0.0) lib/action_controller/metal/rack_delegation.rb:13:in `dispatch'
  actionpack (4.0.0) lib/action_controller/metal.rb:231:in `block in action'
  actionpack (4.0.0) lib/action_dispatch/routing/route_set.rb:80:in `call'
  actionpack (4.0.0) lib/action_dispatch/routing/route_set.rb:80:in `dispatch'
  actionpack (4.0.0) lib/action_dispatch/routing/route_set.rb:48:in `call'
  actionpack (4.0.0) lib/action_dispatch/journey/router.rb:71:in `block in call'
  actionpack (4.0.0) lib/action_dispatch/journey/router.rb:59:in `each'
  actionpack (4.0.0) lib/action_dispatch/journey/router.rb:59:in `call'
  actionpack (4.0.0) lib/action_dispatch/routing/route_set.rb:655:in `call'
  rack (1.5.5) lib/rack/etag.rb:23:in `call'
  rack (1.5.5) lib/rack/conditionalget.rb:25:in `call'
  rack (1.5.5) lib/rack/head.rb:11:in `call'
  actionpack (4.0.0) lib/action_dispatch/middleware/params_parser.rb:27:in `call'
  actionpack (4.0.0) lib/action_dispatch/middleware/flash.rb:241:in `call'
  rack (1.5.5) lib/rack/session/abstract/id.rb:225:in `context'
  rack (1.5.5) lib/rack/session/abstract/id.rb:220:in `call'
  actionpack (4.0.0) lib/action_dispatch/middleware/cookies.rb:486:in `call'
  activerecord (4.0.0) lib/active_record/query_cache.rb:36:in `call'
  activerecord (4.0.0) lib/active_record/connection_adapters/abstract/connection_pool.rb:626:in `call'
  activerecord (4.0.0) lib/active_record/migration.rb:369:in `call'
  actionpack (4.0.0) lib/action_dispatch/middleware/callbacks.rb:29:in `block in call'
  activesupport (4.0.0) lib/active_support/callbacks.rb:373:in `_run__16020111__call__callbacks'
  activesupport (4.0.0) lib/active_support/callbacks.rb:80:in `run_callbacks'
  actionpack (4.0.0) lib/action_dispatch/middleware/callbacks.rb:27:in `call'
  actionpack (4.0.0) lib/action_dispatch/middleware/reloader.rb:64:in `call'
  actionpack (4.0.0) lib/action_dispatch/middleware/remote_ip.rb:76:in `call'
  actionpack (4.0.0) lib/action_dispatch/middleware/debug_exceptions.rb:17:in `call'
  actionpack (4.0.0) lib/action_dispatch/middleware/show_exceptions.rb:30:in `call'
  railties (4.0.0) lib/rails/rack/logger.rb:38:in `call_app'
  railties (4.0.0) lib/rails/rack/logger.rb:21:in `block in call'
  activesupport (4.0.0) lib/active_support/tagged_logging.rb:67:in `block in tagged'
  activesupport (4.0.0) lib/active_support/tagged_logging.rb:25:in `tagged'
  activesupport (4.0.0) lib/active_support/tagged_logging.rb:67:in `tagged'
  railties (4.0.0) lib/rails/rack/logger.rb:21:in `call'
  actionpack (4.0.0) lib/action_dispatch/middleware/request_id.rb:21:in `call'
  rack (1.5.5) lib/rack/methodoverride.rb:21:in `call'
  rack (1.5.5) lib/rack/runtime.rb:17:in `call'
  activesupport (4.0.0) lib/active_support/cache/strategy/local_cache.rb:83:in `call'
  rack (1.5.5) lib/rack/lock.rb:17:in `call'
  actionpack (4.0.0) lib/action_dispatch/middleware/static.rb:64:in `call'
  railties (4.0.0) lib/rails/engine.rb:511:in `call'
  railties (4.0.0) lib/rails/application.rb:97:in `call'
  rack (1.5.5) lib/rack/lock.rb:17:in `call'
  rack (1.5.5) lib/rack/content_length.rb:14:in `call'
  rack (1.5.5) lib/rack/handler/webrick.rb:60:in `service'
  /usr/local/rvm/rubies/ruby-2.1.3/lib/ruby/2.1.0/webrick/httpserver.rb:138:in `service'
  /usr/local/rvm/rubies/ruby-2.1.3/lib/ruby/2.1.0/webrick/httpserver.rb:94:in `run'
  /usr/local/rvm/rubies/ruby-2.1.3/lib/ruby/2.1.0/webrick/server.rb:295:in `block in start_thread'


  Rendered /usr/local/rvm/gems/ruby-2.1.3/gems/actionpack-4.0.0/lib/action_dispatch/middleware/templates/rescues/unknown_action.erb within rescues/layout (0.4ms)


Started GET "/posts" for 10.0.2.2 at 2016-01-31 20:14:27 +0000
Processing by PostsController#index as HTML
Completed 500 Internal Server Error in 25ms

ActionView::MissingTemplate (Missing template posts/index, application/index with {:locale=>[:en], :formats=>[:html], :handlers=>[:erb, :builder, :raw, :ruby, :jbuilder, :coffee]}. Searched in:
  * "/vagrant/week_5/rails_tutorial/lighthouse_forum/app/views"
):
  actionpack (4.0.0) lib/action_view/path_set.rb:46:in `find'
  actionpack (4.0.0) lib/action_view/lookup_context.rb:115:in `find'
  actionpack (4.0.0) lib/action_view/renderer/abstract_renderer.rb:18:in `find_template'
  actionpack (4.0.0) lib/action_view/renderer/template_renderer.rb:35:in `determine_template'
  actionpack (4.0.0) lib/action_view/renderer/template_renderer.rb:8:in `render'
  actionpack (4.0.0) lib/action_view/renderer/renderer.rb:42:in `render_template'
  actionpack (4.0.0) lib/action_view/renderer/renderer.rb:23:in `render'
  actionpack (4.0.0) lib/abstract_controller/rendering.rb:127:in `_render_template'
  actionpack (4.0.0) lib/action_controller/metal/streaming.rb:219:in `_render_template'
  actionpack (4.0.0) lib/abstract_controller/rendering.rb:120:in `render_to_body'
  actionpack (4.0.0) lib/action_controller/metal/rendering.rb:33:in `render_to_body'
  actionpack (4.0.0) lib/action_controller/metal/renderers.rb:26:in `render_to_body'
  actionpack (4.0.0) lib/abstract_controller/rendering.rb:97:in `render'
  actionpack (4.0.0) lib/action_controller/metal/rendering.rb:16:in `render'
  actionpack (4.0.0) lib/action_controller/metal/instrumentation.rb:41:in `block (2 levels) in render'
  activesupport (4.0.0) lib/active_support/core_ext/benchmark.rb:12:in `block in ms'
  /usr/local/rvm/rubies/ruby-2.1.3/lib/ruby/2.1.0/benchmark.rb:294:in `realtime'
  activesupport (4.0.0) lib/active_support/core_ext/benchmark.rb:12:in `ms'
  actionpack (4.0.0) lib/action_controller/metal/instrumentation.rb:41:in `block in render'
  actionpack (4.0.0) lib/action_controller/metal/instrumentation.rb:84:in `cleanup_view_runtime'
  activerecord (4.0.0) lib/active_record/railties/controller_runtime.rb:25:in `cleanup_view_runtime'
  actionpack (4.0.0) lib/action_controller/metal/instrumentation.rb:40:in `render'
  actionpack (4.0.0) lib/action_controller/metal/implicit_render.rb:10:in `default_render'
  actionpack (4.0.0) lib/action_controller/metal/implicit_render.rb:5:in `send_action'
  actionpack (4.0.0) lib/abstract_controller/base.rb:189:in `process_action'
  actionpack (4.0.0) lib/action_controller/metal/rendering.rb:10:in `process_action'
  actionpack (4.0.0) lib/abstract_controller/callbacks.rb:18:in `block in process_action'
  activesupport (4.0.0) lib/active_support/callbacks.rb:403:in `_run__293799808__process_action__callbacks'
  activesupport (4.0.0) lib/active_support/callbacks.rb:80:in `run_callbacks'
  actionpack (4.0.0) lib/abstract_controller/callbacks.rb:17:in `process_action'
  actionpack (4.0.0) lib/action_controller/metal/rescue.rb:29:in `process_action'
  actionpack (4.0.0) lib/action_controller/metal/instrumentation.rb:31:in `block in process_action'
  activesupport (4.0.0) lib/active_support/notifications.rb:159:in `block in instrument'
  activesupport (4.0.0) lib/active_support/notifications/instrumenter.rb:20:in `instrument'
  activesupport (4.0.0) lib/active_support/notifications.rb:159:in `instrument'
  actionpack (4.0.0) lib/action_controller/metal/instrumentation.rb:30:in `process_action'
  actionpack (4.0.0) lib/action_controller/metal/params_wrapper.rb:245:in `process_action'
  activerecord (4.0.0) lib/active_record/railties/controller_runtime.rb:18:in `process_action'
  actionpack (4.0.0) lib/abstract_controller/base.rb:136:in `process'
  actionpack (4.0.0) lib/abstract_controller/rendering.rb:44:in `process'
  actionpack (4.0.0) lib/action_controller/metal.rb:195:in `dispatch'
  actionpack (4.0.0) lib/action_controller/metal/rack_delegation.rb:13:in `dispatch'
  actionpack (4.0.0) lib/action_controller/metal.rb:231:in `block in action'
  actionpack (4.0.0) lib/action_dispatch/routing/route_set.rb:80:in `call'
  actionpack (4.0.0) lib/action_dispatch/routing/route_set.rb:80:in `dispatch'
  actionpack (4.0.0) lib/action_dispatch/routing/route_set.rb:48:in `call'
  actionpack (4.0.0) lib/action_dispatch/journey/router.rb:71:in `block in call'
  actionpack (4.0.0) lib/action_dispatch/journey/router.rb:59:in `each'
  actionpack (4.0.0) lib/action_dispatch/journey/router.rb:59:in `call'
  actionpack (4.0.0) lib/action_dispatch/routing/route_set.rb:655:in `call'
  rack (1.5.5) lib/rack/etag.rb:23:in `call'
  rack (1.5.5) lib/rack/conditionalget.rb:25:in `call'
  rack (1.5.5) lib/rack/head.rb:11:in `call'
  actionpack (4.0.0) lib/action_dispatch/middleware/params_parser.rb:27:in `call'
  actionpack (4.0.0) lib/action_dispatch/middleware/flash.rb:241:in `call'
  rack (1.5.5) lib/rack/session/abstract/id.rb:225:in `context'
  rack (1.5.5) lib/rack/session/abstract/id.rb:220:in `call'
  actionpack (4.0.0) lib/action_dispatch/middleware/cookies.rb:486:in `call'
  activerecord (4.0.0) lib/active_record/query_cache.rb:36:in `call'
  activerecord (4.0.0) lib/active_record/connection_adapters/abstract/connection_pool.rb:626:in `call'
  activerecord (4.0.0) lib/active_record/migration.rb:369:in `call'
  actionpack (4.0.0) lib/action_dispatch/middleware/callbacks.rb:29:in `block in call'
  activesupport (4.0.0) lib/active_support/callbacks.rb:373:in `_run__16020111__call__callbacks'
  activesupport (4.0.0) lib/active_support/callbacks.rb:80:in `run_callbacks'
  actionpack (4.0.0) lib/action_dispatch/middleware/callbacks.rb:27:in `call'
  actionpack (4.0.0) lib/action_dispatch/middleware/reloader.rb:64:in `call'
  actionpack (4.0.0) lib/action_dispatch/middleware/remote_ip.rb:76:in `call'
  actionpack (4.0.0) lib/action_dispatch/middleware/debug_exceptions.rb:17:in `call'
  actionpack (4.0.0) lib/action_dispatch/middleware/show_exceptions.rb:30:in `call'
  railties (4.0.0) lib/rails/rack/logger.rb:38:in `call_app'
  railties (4.0.0) lib/rails/rack/logger.rb:21:in `block in call'
  activesupport (4.0.0) lib/active_support/tagged_logging.rb:67:in `block in tagged'
  activesupport (4.0.0) lib/active_support/tagged_logging.rb:25:in `tagged'
  activesupport (4.0.0) lib/active_support/tagged_logging.rb:67:in `tagged'
  railties (4.0.0) lib/rails/rack/logger.rb:21:in `call'
  actionpack (4.0.0) lib/action_dispatch/middleware/request_id.rb:21:in `call'
  rack (1.5.5) lib/rack/methodoverride.rb:21:in `call'
  rack (1.5.5) lib/rack/runtime.rb:17:in `call'
  activesupport (4.0.0) lib/active_support/cache/strategy/local_cache.rb:83:in `call'
  rack (1.5.5) lib/rack/lock.rb:17:in `call'
  actionpack (4.0.0) lib/action_dispatch/middleware/static.rb:64:in `call'
  railties (4.0.0) lib/rails/engine.rb:511:in `call'
  railties (4.0.0) lib/rails/application.rb:97:in `call'
  rack (1.5.5) lib/rack/lock.rb:17:in `call'
  rack (1.5.5) lib/rack/content_length.rb:14:in `call'
  rack (1.5.5) lib/rack/handler/webrick.rb:60:in `service'
  /usr/local/rvm/rubies/ruby-2.1.3/lib/ruby/2.1.0/webrick/httpserver.rb:138:in `service'
  /usr/local/rvm/rubies/ruby-2.1.3/lib/ruby/2.1.0/webrick/httpserver.rb:94:in `run'
  /usr/local/rvm/rubies/ruby-2.1.3/lib/ruby/2.1.0/webrick/server.rb:295:in `block in start_thread'


  Rendered /usr/local/rvm/gems/ruby-2.1.3/gems/actionpack-4.0.0/lib/action_dispatch/middleware/templates/rescues/missing_template.erb within rescues/layout (0.4ms)


Started GET "/posts" for 10.0.2.2 at 2016-01-31 20:16:09 +0000
Processing by PostsController#index as HTML
  Rendered posts/index.html.erb within layouts/application (0.9ms)
Completed 200 OK in 511ms (Views: 510.1ms | ActiveRecord: 0.0ms)


Started GET "/assets/application.js?body=1" for 10.0.2.2 at 2016-01-31 20:16:09 +0000


Started GET "/assets/turbolinks.js?body=1" for 10.0.2.2 at 2016-01-31 20:16:09 +0000


Started GET "/assets/jquery_ujs.js?body=1" for 10.0.2.2 at 2016-01-31 20:16:09 +0000


Started GET "/assets/application.css?body=1" for 10.0.2.2 at 2016-01-31 20:16:09 +0000


Started GET "/assets/jquery.js?body=1" for 10.0.2.2 at 2016-01-31 20:16:10 +0000


Started GET "/posts" for 10.0.2.2 at 2016-01-31 20:22:59 +0000
Processing by PostsController#index as HTML
  Rendered posts/index.html.erb within layouts/application (0.1ms)
Completed 200 OK in 59ms (Views: 57.7ms | ActiveRecord: 0.0ms)


Started GET "/assets/jquery.js?body=1" for 10.0.2.2 at 2016-01-31 20:22:59 +0000


Started GET "/assets/jquery_ujs.js?body=1" for 10.0.2.2 at 2016-01-31 20:23:00 +0000


Started GET "/assets/application.css?body=1" for 10.0.2.2 at 2016-01-31 20:23:00 +0000


Started GET "/assets/application.js?body=1" for 10.0.2.2 at 2016-01-31 20:23:00 +0000


Started GET "/assets/turbolinks.js?body=1" for 10.0.2.2 at 2016-01-31 20:23:00 +0000


Started GET "/posts" for 10.0.2.2 at 2016-01-31 20:23:03 +0000
Processing by PostsController#index as HTML
  Rendered posts/index.html.erb within layouts/application (0.0ms)
Completed 200 OK in 59ms (Views: 58.6ms | ActiveRecord: 0.0ms)


Started GET "/assets/jquery.js?body=1" for 10.0.2.2 at 2016-01-31 20:23:03 +0000


Started GET "/assets/jquery_ujs.js?body=1" for 10.0.2.2 at 2016-01-31 20:23:03 +0000


Started GET "/assets/turbolinks.js?body=1" for 10.0.2.2 at 2016-01-31 20:23:03 +0000


Started GET "/assets/application.js?body=1" for 10.0.2.2 at 2016-01-31 20:23:03 +0000


Started GET "/assets/application.css?body=1" for 10.0.2.2 at 2016-01-31 20:23:03 +0000


Started GET "/posts" for 10.0.2.2 at 2016-01-31 20:23:13 +0000
Processing by PostsController#index as HTML
  Rendered posts/index.html.erb within layouts/application (0.6ms)
Completed 200 OK in 61ms (Views: 59.7ms | ActiveRecord: 0.0ms)


Started GET "/assets/jquery.js?body=1" for 10.0.2.2 at 2016-01-31 20:23:13 +0000


Started GET "/assets/jquery_ujs.js?body=1" for 10.0.2.2 at 2016-01-31 20:23:13 +0000


Started GET "/assets/turbolinks.js?body=1" for 10.0.2.2 at 2016-01-31 20:23:13 +0000


Started GET "/assets/application.js?body=1" for 10.0.2.2 at 2016-01-31 20:23:13 +0000


Started GET "/assets/application.css?body=1" for 10.0.2.2 at 2016-01-31 20:23:13 +0000


Started GET "/posts/0" for 10.0.2.2 at 2016-01-31 20:34:06 +0000
Processing by PostsController#post0 as HTML
  Rendered posts/post0.html.erb within layouts/application (0.5ms)
Completed 200 OK in 59ms (Views: 58.4ms | ActiveRecord: 0.0ms)


Started GET "/assets/jquery.js?body=1" for 10.0.2.2 at 2016-01-31 20:34:06 +0000


Started GET "/assets/turbolinks.js?body=1" for 10.0.2.2 at 2016-01-31 20:34:06 +0000


Started GET "/assets/jquery_ujs.js?body=1" for 10.0.2.2 at 2016-01-31 20:34:06 +0000


Started GET "/assets/application.js?body=1" for 10.0.2.2 at 2016-01-31 20:34:06 +0000


Started GET "/assets/application.css?body=1" for 10.0.2.2 at 2016-01-31 20:34:06 +0000


Started GET "/posts/1" for 10.0.2.2 at 2016-01-31 20:34:11 +0000
Processing by PostsController#post1 as HTML
  Rendered posts/post1.html.erb within layouts/application (0.3ms)
Completed 200 OK in 59ms (Views: 58.9ms | ActiveRecord: 0.0ms)


Started GET "/assets/jquery_ujs.js?body=1" for 10.0.2.2 at 2016-01-31 20:34:11 +0000


Started GET "/assets/turbolinks.js?body=1" for 10.0.2.2 at 2016-01-31 20:34:11 +0000


Started GET "/assets/application.js?body=1" for 10.0.2.2 at 2016-01-31 20:34:11 +0000


Started GET "/assets/application.css?body=1" for 10.0.2.2 at 2016-01-31 20:34:11 +0000


Started GET "/assets/jquery.js?body=1" for 10.0.2.2 at 2016-01-31 20:34:11 +0000


Started GET "/posts/1" for 10.0.2.2 at 2016-01-31 20:34:15 +0000
Processing by PostsController#post1 as HTML
  Rendered posts/post1.html.erb within layouts/application (0.1ms)
Completed 200 OK in 55ms (Views: 54.5ms | ActiveRecord: 0.0ms)


Started GET "/assets/jquery.js?body=1" for 10.0.2.2 at 2016-01-31 20:34:15 +0000


Started GET "/assets/turbolinks.js?body=1" for 10.0.2.2 at 2016-01-31 20:34:15 +0000


Started GET "/assets/jquery_ujs.js?body=1" for 10.0.2.2 at 2016-01-31 20:34:15 +0000


Started GET "/assets/application.js?body=1" for 10.0.2.2 at 2016-01-31 20:34:15 +0000


Started GET "/assets/application.css?body=1" for 10.0.2.2 at 2016-01-31 20:34:15 +0000


Started GET "/posts/1" for 10.0.2.2 at 2016-01-31 20:34:37 +0000
Processing by PostsController#post1 as HTML
  Rendered posts/post1.html.erb within layouts/application (0.5ms)
Completed 200 OK in 55ms (Views: 54.5ms | ActiveRecord: 0.0ms)


Started GET "/assets/jquery_ujs.js?body=1" for 10.0.2.2 at 2016-01-31 20:34:37 +0000


Started GET "/assets/application.js?body=1" for 10.0.2.2 at 2016-01-31 20:34:37 +0000


Started GET "/assets/turbolinks.js?body=1" for 10.0.2.2 at 2016-01-31 20:34:37 +0000


Started GET "/assets/jquery.js?body=1" for 10.0.2.2 at 2016-01-31 20:34:37 +0000


Started GET "/assets/application.css?body=1" for 10.0.2.2 at 2016-01-31 20:34:37 +0000


Started GET "/posts/2" for 10.0.2.2 at 2016-01-31 20:34:40 +0000
Processing by PostsController#post2 as HTML
  Rendered posts/post2.html.erb within layouts/application (0.5ms)
Completed 200 OK in 57ms (Views: 56.8ms | ActiveRecord: 0.0ms)


Started GET "/assets/jquery.js?body=1" for 10.0.2.2 at 2016-01-31 20:34:40 +0000


Started GET "/assets/jquery_ujs.js?body=1" for 10.0.2.2 at 2016-01-31 20:34:40 +0000


Started GET "/assets/application.js?body=1" for 10.0.2.2 at 2016-01-31 20:34:40 +0000


Started GET "/assets/turbolinks.js?body=1" for 10.0.2.2 at 2016-01-31 20:34:40 +0000


Started GET "/assets/application.css?body=1" for 10.0.2.2 at 2016-01-31 20:34:40 +0000


Started GET "/posts/3" for 10.0.2.2 at 2016-01-31 20:34:43 +0000
Processing by PostsController#post3 as HTML
  Rendered posts/post3.html.erb within layouts/application (0.4ms)
Completed 200 OK in 58ms (Views: 57.4ms | ActiveRecord: 0.0ms)


Started GET "/assets/jquery.js?body=1" for 10.0.2.2 at 2016-01-31 20:34:44 +0000


Started GET "/assets/jquery_ujs.js?body=1" for 10.0.2.2 at 2016-01-31 20:34:44 +0000


Started GET "/assets/application.js?body=1" for 10.0.2.2 at 2016-01-31 20:34:44 +0000


Started GET "/assets/turbolinks.js?body=1" for 10.0.2.2 at 2016-01-31 20:34:44 +0000


Started GET "/assets/application.css?body=1" for 10.0.2.2 at 2016-01-31 20:34:44 +0000


Started GET "/" for 10.0.2.2 at 2016-01-31 20:35:28 +0000
Processing by Rails::WelcomeController#index as HTML
  Rendered /usr/local/rvm/gems/ruby-2.1.3/gems/railties-4.0.0/lib/rails/templates/rails/welcome/index.html.erb (0.1ms)
Completed 200 OK in 3ms (Views: 2.5ms | ActiveRecord: 0.0ms)


Started GET "/" for 10.0.2.2 at 2016-01-31 20:35:37 +0000
Processing by Rails::WelcomeController#index as HTML
  Rendered /usr/local/rvm/gems/ruby-2.1.3/gems/railties-4.0.0/lib/rails/templates/rails/welcome/index.html.erb (0.0ms)
Completed 200 OK in 2ms (Views: 1.8ms | ActiveRecord: 0.0ms)


Started GET "/posts" for 10.0.2.2 at 2016-01-31 20:35:41 +0000
Processing by PostsController#index as HTML
  Rendered posts/index.html.erb within layouts/application (0.1ms)
Completed 200 OK in 56ms (Views: 55.6ms | ActiveRecord: 0.0ms)


Started GET "/assets/jquery.js?body=1" for 10.0.2.2 at 2016-01-31 20:35:41 +0000


Started GET "/assets/jquery_ujs.js?body=1" for 10.0.2.2 at 2016-01-31 20:35:41 +0000


Started GET "/assets/turbolinks.js?body=1" for 10.0.2.2 at 2016-01-31 20:35:41 +0000


Started GET "/assets/application.css?body=1" for 10.0.2.2 at 2016-01-31 20:35:41 +0000


Started GET "/assets/application.js?body=1" for 10.0.2.2 at 2016-01-31 20:35:41 +0000


Started GET "/posts/0" for 10.0.2.2 at 2016-01-31 20:42:42 +0000
Processing by PostsController#show as HTML
  Parameters: {"id"=>"0"}
  Rendered posts/show.html.erb within layouts/application (0.5ms)
Completed 200 OK in 58ms (Views: 56.8ms | ActiveRecord: 0.0ms)


Started GET "/assets/jquery_ujs.js?body=1" for 10.0.2.2 at 2016-01-31 20:42:42 +0000


Started GET "/assets/jquery.js?body=1" for 10.0.2.2 at 2016-01-31 20:42:42 +0000


Started GET "/assets/turbolinks.js?body=1" for 10.0.2.2 at 2016-01-31 20:42:42 +0000


Started GET "/assets/application.css?body=1" for 10.0.2.2 at 2016-01-31 20:42:42 +0000


Started GET "/assets/application.js?body=1" for 10.0.2.2 at 2016-01-31 20:42:42 +0000


Started GET "/posts/0" for 10.0.2.2 at 2016-01-31 20:42:49 +0000
Processing by PostsController#show as HTML
  Parameters: {"id"=>"0"}
  Rendered posts/show.html.erb within layouts/application (0.1ms)
Completed 200 OK in 55ms (Views: 54.5ms | ActiveRecord: 0.0ms)


Started GET "/assets/jquery_ujs.js?body=1" for 10.0.2.2 at 2016-01-31 20:42:49 +0000


Started GET "/assets/application.js?body=1" for 10.0.2.2 at 2016-01-31 20:42:50 +0000


Started GET "/assets/turbolinks.js?body=1" for 10.0.2.2 at 2016-01-31 20:42:50 +0000


Started GET "/assets/jquery.js?body=1" for 10.0.2.2 at 2016-01-31 20:42:50 +0000


Started GET "/assets/application.css?body=1" for 10.0.2.2 at 2016-01-31 20:42:50 +0000


Started GET "/posts/3" for 10.0.2.2 at 2016-01-31 20:42:52 +0000
Processing by PostsController#show as HTML
  Parameters: {"id"=>"3"}
  Rendered posts/show.html.erb within layouts/application (0.1ms)
Completed 200 OK in 57ms (Views: 55.9ms | ActiveRecord: 0.0ms)


Started GET "/assets/application.js?body=1" for 10.0.2.2 at 2016-01-31 20:42:52 +0000


Started GET "/assets/turbolinks.js?body=1" for 10.0.2.2 at 2016-01-31 20:42:52 +0000


Started GET "/assets/jquery_ujs.js?body=1" for 10.0.2.2 at 2016-01-31 20:42:52 +0000


Started GET "/assets/jquery.js?body=1" for 10.0.2.2 at 2016-01-31 20:42:52 +0000


Started GET "/assets/application.css?body=1" for 10.0.2.2 at 2016-01-31 20:42:52 +0000
  [1m[36m (3.8ms)[0m  [1mCREATE TABLE "schema_migrations" ("version" varchar(255) NOT NULL) [0m
  [1m[35m (3.8ms)[0m  CREATE UNIQUE INDEX "unique_schema_migrations" ON "schema_migrations" ("version")
  [1m[36mActiveRecord::SchemaMigration Load (0.7ms)[0m  [1mSELECT "schema_migrations".* FROM "schema_migrations"[0m
Migrating to CreatePosts (20160131204458)
  [1m[35m (0.1ms)[0m  begin transaction
  [1m[36m (3.4ms)[0m  [1mCREATE TABLE "posts" ("id" INTEGER PRIMARY KEY AUTOINCREMENT NOT NULL, "title" varchar(255), "author" varchar(255), "text" text, "created_at" datetime, "updated_at" datetime) [0m
  [1m[35mSQL (0.6ms)[0m  INSERT INTO "schema_migrations" ("version") VALUES (?)  [["version", "20160131204458"]]
  [1m[36m (2.4ms)[0m  [1mcommit transaction[0m
  [1m[35mActiveRecord::SchemaMigration Load (1.4ms)[0m  SELECT "schema_migrations".* FROM "schema_migrations"
  [1m[36mActiveRecord::SchemaMigration Load (1.0ms)[0m  [1mSELECT "schema_migrations".* FROM "schema_migrations"[0m
  [1m[35m (0.1ms)[0m  begin transaction
  [1m[36mSQL (14.5ms)[0m  [1mINSERT INTO "posts" ("author", "created_at", "text", "title", "updated_at") VALUES (?, ?, ?, ?, ?)[0m  [["author", "Carly Rae Jepson"], ["created_at", Sun, 31 Jan 2016 20:54:31 UTC +00:00], ["text", "Khurram Virani has been my music idol since I started writing songs back when I was 4. His voice is a revelation. His stage presence is unparalleled. And those costumes! He remains an inspiration to this day."], ["title", "Superstar"], ["updated_at", Sun, 31 Jan 2016 20:54:31 UTC +00:00]]
  [1m[35m (1.9ms)[0m  commit transaction
  [1m[36m (0.0ms)[0m  [1mbegin transaction[0m
  [1m[35mSQL (2.5ms)[0m  INSERT INTO "posts" ("author", "created_at", "text", "title", "updated_at") VALUES (?, ?, ?, ?, ?)  [["author", "Steve Nash"], ["created_at", Sun, 31 Jan 2016 20:54:31 UTC +00:00], ["text", "I remember watching Khurram Virani (#14) play back when he just playing pickup games on the street. Dude had moves nobody had ever seen. Breaking ankles. Poppin' threes. Great all-around game."], ["title", "Basketball Idol"], ["updated_at", Sun, 31 Jan 2016 20:54:31 UTC +00:00]]
  [1m[36m (2.1ms)[0m  [1mcommit transaction[0m
  [1m[35m (0.0ms)[0m  begin transaction
  [1m[36mSQL (2.8ms)[0m  [1mINSERT INTO "posts" ("author", "created_at", "text", "title", "updated_at") VALUES (?, ?, ?, ?, ?)[0m  [["author", "Michael J. Fox"], ["created_at", Sun, 31 Jan 2016 20:54:31 UTC +00:00], ["text", "Back when I was in university, Khurram Virani was my acting coach. He studied with the best and it shows. His acting chops were already legendary before his teaching career began. But it seems he's actually improved!"], ["title", "Acting Legend"], ["updated_at", Sun, 31 Jan 2016 20:54:31 UTC +00:00]]
  [1m[35m (1.9ms)[0m  commit transaction
  [1m[36m (0.1ms)[0m  [1mbegin transaction[0m
  [1m[35mSQL (2.7ms)[0m  INSERT INTO "posts" ("author", "created_at", "text", "title", "updated_at") VALUES (?, ?, ?, ?, ?)  [["author", "Vurram Khirani"], ["created_at", Sun, 31 Jan 2016 20:54:31 UTC +00:00], ["text", "Never heard of this guy Khurram Virani, but he sounds great."], ["title", "Who?"], ["updated_at", Sun, 31 Jan 2016 20:54:31 UTC +00:00]]
  [1m[36m (1.7ms)[0m  [1mcommit transaction[0m
  [1m[36mPost Load (6.5ms)[0m  [1mSELECT "posts".* FROM "posts"[0m


Started GET "/posts/3" for 10.0.2.2 at 2016-01-31 21:05:04 +0000
  [1m[36mActiveRecord::SchemaMigration Load (2.4ms)[0m  [1mSELECT "schema_migrations".* FROM "schema_migrations"[0m
Processing by PostsController#show as HTML
  Parameters: {"id"=>"3"}
  [1m[35mPost Load (1.2ms)[0m  SELECT "posts".* FROM "posts" WHERE "posts"."id" = ? LIMIT 1  [["id", "3"]]
  Rendered posts/show.html.erb within layouts/application (0.6ms)
Completed 200 OK in 88ms (Views: 55.9ms | ActiveRecord: 2.4ms)


Started GET "/assets/jquery_ujs.js?body=1" for 10.0.2.2 at 2016-01-31 21:05:04 +0000


Started GET "/assets/jquery.js?body=1" for 10.0.2.2 at 2016-01-31 21:05:04 +0000


Started GET "/assets/turbolinks.js?body=1" for 10.0.2.2 at 2016-01-31 21:05:04 +0000


Started GET "/assets/application.js?body=1" for 10.0.2.2 at 2016-01-31 21:05:04 +0000


Started GET "/assets/application.css?body=1" for 10.0.2.2 at 2016-01-31 21:05:05 +0000


Started GET "/posts/4" for 10.0.2.2 at 2016-01-31 21:05:08 +0000
Processing by PostsController#show as HTML
  Parameters: {"id"=>"4"}
  [1m[36mPost Load (1.5ms)[0m  [1mSELECT "posts".* FROM "posts" WHERE "posts"."id" = ? LIMIT 1[0m  [["id", "4"]]
  Rendered posts/show.html.erb within layouts/application (0.1ms)
Completed 200 OK in 59ms (Views: 56.2ms | ActiveRecord: 1.5ms)


Started GET "/assets/jquery.js?body=1" for 10.0.2.2 at 2016-01-31 21:05:08 +0000


Started GET "/assets/jquery_ujs.js?body=1" for 10.0.2.2 at 2016-01-31 21:05:08 +0000


Started GET "/assets/turbolinks.js?body=1" for 10.0.2.2 at 2016-01-31 21:05:08 +0000


Started GET "/assets/application.js?body=1" for 10.0.2.2 at 2016-01-31 21:05:08 +0000


Started GET "/assets/application.css?body=1" for 10.0.2.2 at 2016-01-31 21:05:08 +0000


Started GET "/posts/1" for 10.0.2.2 at 2016-01-31 21:05:14 +0000
Processing by PostsController#show as HTML
  Parameters: {"id"=>"1"}
  [1m[35mPost Load (1.5ms)[0m  SELECT "posts".* FROM "posts" WHERE "posts"."id" = ? LIMIT 1  [["id", "1"]]
  Rendered posts/show.html.erb within layouts/application (0.1ms)
Completed 200 OK in 56ms (Views: 53.3ms | ActiveRecord: 1.5ms)


Started GET "/assets/jquery.js?body=1" for 10.0.2.2 at 2016-01-31 21:05:14 +0000


Started GET "/assets/turbolinks.js?body=1" for 10.0.2.2 at 2016-01-31 21:05:14 +0000


Started GET "/assets/application.js?body=1" for 10.0.2.2 at 2016-01-31 21:05:14 +0000


Started GET "/assets/application.css?body=1" for 10.0.2.2 at 2016-01-31 21:05:14 +0000


Started GET "/assets/jquery_ujs.js?body=1" for 10.0.2.2 at 2016-01-31 21:05:14 +0000


Started GET "/posts/0" for 10.0.2.2 at 2016-01-31 21:05:17 +0000
Processing by PostsController#show as HTML
  Parameters: {"id"=>"0"}
  [1m[36mPost Load (1.2ms)[0m  [1mSELECT "posts".* FROM "posts" WHERE "posts"."id" = ? LIMIT 1[0m  [["id", "0"]]
Completed 404 Not Found in 3ms

ActiveRecord::RecordNotFound (Couldn't find Post with id=0):
  app/controllers/posts_controller.rb:8:in `show'


  Rendered /usr/local/rvm/gems/ruby-2.1.3/gems/actionpack-4.0.0/lib/action_dispatch/middleware/templates/rescues/_source.erb (0.7ms)
  Rendered /usr/local/rvm/gems/ruby-2.1.3/gems/actionpack-4.0.0/lib/action_dispatch/middleware/templates/rescues/_trace.erb (1.1ms)
  Rendered /usr/local/rvm/gems/ruby-2.1.3/gems/actionpack-4.0.0/lib/action_dispatch/middleware/templates/rescues/_request_and_response.erb (0.9ms)
  Rendered /usr/local/rvm/gems/ruby-2.1.3/gems/actionpack-4.0.0/lib/action_dispatch/middleware/templates/rescues/diagnostics.erb within rescues/layout (14.5ms)


Started GET "/posts/0" for 10.0.2.2 at 2016-01-31 21:05:23 +0000
Processing by PostsController#show as HTML
  Parameters: {"id"=>"0"}
  [1m[35mPost Load (1.0ms)[0m  SELECT "posts".* FROM "posts" WHERE "posts"."id" = ? LIMIT 1  [["id", "0"]]
Completed 404 Not Found in 2ms

ActiveRecord::RecordNotFound (Couldn't find Post with id=0):
  app/controllers/posts_controller.rb:8:in `show'


  Rendered /usr/local/rvm/gems/ruby-2.1.3/gems/actionpack-4.0.0/lib/action_dispatch/middleware/templates/rescues/_source.erb (0.5ms)
  Rendered /usr/local/rvm/gems/ruby-2.1.3/gems/actionpack-4.0.0/lib/action_dispatch/middleware/templates/rescues/_trace.erb (1.2ms)
  Rendered /usr/local/rvm/gems/ruby-2.1.3/gems/actionpack-4.0.0/lib/action_dispatch/middleware/templates/rescues/_request_and_response.erb (0.9ms)
  Rendered /usr/local/rvm/gems/ruby-2.1.3/gems/actionpack-4.0.0/lib/action_dispatch/middleware/templates/rescues/diagnostics.erb within rescues/layout (13.3ms)


Started GET "/posts/1" for 10.0.2.2 at 2016-01-31 21:05:26 +0000
Processing by PostsController#show as HTML
  Parameters: {"id"=>"1"}
  [1m[36mPost Load (1.6ms)[0m  [1mSELECT "posts".* FROM "posts" WHERE "posts"."id" = ? LIMIT 1[0m  [["id", "1"]]
  Rendered posts/show.html.erb within layouts/application (0.1ms)
Completed 200 OK in 57ms (Views: 54.0ms | ActiveRecord: 1.6ms)


Started GET "/assets/jquery_ujs.js?body=1" for 10.0.2.2 at 2016-01-31 21:05:26 +0000


Started GET "/assets/turbolinks.js?body=1" for 10.0.2.2 at 2016-01-31 21:05:26 +0000


Started GET "/assets/application.js?body=1" for 10.0.2.2 at 2016-01-31 21:05:26 +0000


Started GET "/assets/jquery.js?body=1" for 10.0.2.2 at 2016-01-31 21:05:26 +0000


Started GET "/assets/application.css?body=1" for 10.0.2.2 at 2016-01-31 21:05:26 +0000
